Android/app/build/intermediates/manifest_merge_blame_file/debug/processDebugMainManifest/manifest-merger-blame-debug-report.txt
1<?xml version="1.0" encoding="utf-8"?>
2<manifest xmlns:android="http://schemas.android.com/apk/res/android"
3    package="com.example.carbotrackphoneapplication"
4    android:versionCode="1"
5    android:versionName="1.0" >
6
7    <uses-sdk
8        android:minSdkVersion="21"
9        android:targetSdkVersion="35" />
10
11    <!-- These will be needed for OSMDroid to provide permissions needed for the dependency -->
12    <uses-permission android:name="android.permission.ACCESS_FINE_LOCATION" />
12-->src\main\AndroidManifest.xml:6:5-79
12-->src\main\AndroidManifest.xml:6:22-76
13    <uses-permission android:name="android.permission.ACCESS_COARSE_LOCATION" />
13-->src\main\AndroidManifest.xml:7:5-81
13-->src\main\AndroidManifest.xml:7:22-78
14    <uses-permission android:name="android.permission.INTERNET" />
14-->src\main\AndroidManifest.xml:8:5-67
14-->src\main\AndroidManifest.xml:8:22-64
15    <uses-permission android:name="android.permission.ACCESS_WIFI_STATE" /> <!-- Include required permissions for Google Maps API to run. -->
15-->[com.google.android.libraries.places:places:3.2.0] AndroidManifest.xml:11:5-76
15-->[com.google.android.libraries.places:places:3.2.0] AndroidManifest.xml:11:22-73
16    <uses-permission android:name="android.permission.ACCESS_NETWORK_STATE" />
16-->[com.google.android.gms:play-services-maps:17.0.0] AndroidManifest.xml:23:5-79
16-->[com.google.android.gms:play-services-maps:17.0.0] AndroidManifest.xml:23:22-76
17
18    <uses-feature
18-->[com.google.android.gms:play-services-maps:17.0.0] AndroidManifest.xml:26:5-28:35
19        android:glEsVersion="0x00020000"
19-->[com.google.android.gms:play-services-maps:17.0.0] AndroidManifest.xml:27:9-41
20        android:required="true" />
20-->[com.google.android.gms:play-services-maps:17.0.0] AndroidManifest.xml:28:9-32
21
22    <supports-screens
22-->[org.osmdroid:osmdroid-android:6.1.11] AndroidManifest.xml:11:5-14:40
23        android:anyDensity="true"
23-->[org.osmdroid:osmdroid-android:6.1.11] AndroidManifest.xml:12:9-34
24        android:largeScreens="true"
24-->[org.osmdroid:osmdroid-android:6.1.11] AndroidManifest.xml:13:9-36
25        android:normalScreens="true" />
25-->[org.osmdroid:osmdroid-android:6.1.11] AndroidManifest.xml:14:9-37
26
27    <uses-feature
27-->[org.osmdroid:osmdroid-android:6.1.11] AndroidManifest.xml:16:5-18:36
28        android:name="android.hardware.location.network"
28-->[org.osmdroid:osmdroid-android:6.1.11] AndroidManifest.xml:17:9-57
29        android:required="false" />
29-->[org.osmdroid:osmdroid-android:6.1.11] AndroidManifest.xml:18:9-33
30    <uses-feature
30-->[org.osmdroid:osmdroid-android:6.1.11] AndroidManifest.xml:19:5-21:36
31        android:name="android.hardware.location.gps"
31-->[org.osmdroid:osmdroid-android:6.1.11] AndroidManifest.xml:20:9-53
32        android:required="false" />
32-->[org.osmdroid:osmdroid-android:6.1.11] AndroidManifest.xml:21:9-33
33    <uses-feature
33-->[org.osmdroid:osmdroid-android:6.1.11] AndroidManifest.xml:22:5-24:36
34        android:name="android.hardware.telephony"
34-->[org.osmdroid:osmdroid-android:6.1.11] AndroidManifest.xml:23:9-50
35        android:required="false" />
35-->[org.osmdroid:osmdroid-android:6.1.11] AndroidManifest.xml:24:9-33
36    <uses-feature
36-->[org.osmdroid:osmdroid-android:6.1.11] AndroidManifest.xml:25:5-27:36
37        android:name="android.hardware.wifi"
37-->[org.osmdroid:osmdroid-android:6.1.11] AndroidManifest.xml:26:9-45
38        android:required="false" />
38-->[org.osmdroid:osmdroid-android:6.1.11] AndroidManifest.xml:27:9-33
39
40    <permission
40-->[androidx.core:core:1.13.0] AndroidManifest.xml:22:5-24:47
41        android:name="com.example.carbotrackphoneapplication.DYNAMIC_RECEIVER_NOT_EXPORTED_PERMISSION"
41-->[androidx.core:core:1.13.0] AndroidManifest.xml:23:9-81
42        android:protectionLevel="signature" />
42-->[androidx.core:core:1.13.0] AndroidManifest.xml:24:9-44
43
44    <uses-permission android:name="com.example.carbotrackphoneapplication.DYNAMIC_RECEIVER_NOT_EXPORTED_PERMISSION" />
44-->[androidx.core:core:1.13.0] AndroidManifest.xml:26:5-97
44-->[androidx.core:core:1.13.0] AndroidManifest.xml:26:22-94
45
46    <application
46-->src\main\AndroidManifest.xml:10:5-80:19
47        android:allowBackup="true"
47-->src\main\AndroidManifest.xml:11:9-35
48        android:appComponentFactory="androidx.core.app.CoreComponentFactory"
48-->[androidx.core:core:1.13.0] AndroidManifest.xml:28:18-86
49        android:dataExtractionRules="@xml/data_extraction_rules"
49-->src\main\AndroidManifest.xml:12:9-65
50        android:debuggable="true"
51        android:extractNativeLibs="true"
52        android:fullBackupContent="@xml/backup_rules"
52-->src\main\AndroidManifest.xml:13:9-54
53        android:icon="@mipmap/ic_launcher"
53-->src\main\AndroidManifest.xml:14:9-43
54        android:label="@string/app_name"
54-->src\main\AndroidManifest.xml:15:9-41
55        android:roundIcon="@mipmap/ic_launcher_round"
55-->src\main\AndroidManifest.xml:16:9-54
56        android:supportsRtl="true"
56-->src\main\AndroidManifest.xml:17:9-35
57        android:testOnly="true"
58        android:theme="@style/Theme.CarboTrackPhoneApplication" >
58-->src\main\AndroidManifest.xml:18:9-64
59        <activity
59-->src\main\AndroidManifest.xml:20:9-22:40
60            android:name="com.example.carbotrackphoneapplication.SignupActivity"
60-->src\main\AndroidManifest.xml:21:13-43
61            android:exported="false" />
61-->src\main\AndroidManifest.xml:22:13-37
62        <activity
62-->src\main\AndroidManifest.xml:23:9-25:40
63            android:name="com.example.carbotrackphoneapplication.LoginActivity"
63-->src\main\AndroidManifest.xml:24:13-42
64            android:exported="false" />
64-->src\main\AndroidManifest.xml:25:13-37
65        <activity
65-->src\main\AndroidManifest.xml:26:9-28:40
66            android:name="com.example.carbotrackphoneapplication.Employeedaily_Activity"
66-->src\main\AndroidManifest.xml:27:13-51
67            android:exported="false" />
67-->src\main\AndroidManifest.xml:28:13-37
68        <activity
68-->src\main\AndroidManifest.xml:29:9-31:40
69            android:name="com.example.carbotrackphoneapplication.EmployeeProfileActivity"
69-->src\main\AndroidManifest.xml:30:13-52
70            android:exported="false" />
70-->src\main\AndroidManifest.xml:31:13-37
71        <activity
71-->src\main\AndroidManifest.xml:32:9-34:40
72            android:name="com.example.carbotrackphoneapplication.EmployerActivity"
72-->src\main\AndroidManifest.xml:33:13-45
73            android:exported="false" />
73-->src\main\AndroidManifest.xml:34:13-37
74        <activity
74-->src\main\AndroidManifest.xml:35:9-37:40
75            android:name="com.example.carbotrackphoneapplication.EmployeeApprovalActivity"
75-->src\main\AndroidManifest.xml:36:13-53
76            android:exported="false" />
76-->src\main\AndroidManifest.xml:37:13-37
77        <activity
77-->src\main\AndroidManifest.xml:38:9-40:40
78            android:name="com.example.carbotrackphoneapplication.EmployerPaymentActivity"
78-->src\main\AndroidManifest.xml:39:13-52
79            android:exported="false" />
79-->src\main\AndroidManifest.xml:40:13-37
80        <activity
80-->src\main\AndroidManifest.xml:41:9-43:40
81            android:name="com.example.carbotrackphoneapplication.EmployerTradingActivity"
81-->src\main\AndroidManifest.xml:42:13-52
82            android:exported="false" />
82-->src\main\AndroidManifest.xml:43:13-37
83        <activity
83-->src\main\AndroidManifest.xml:44:9-46:40
84            android:name="com.example.carbotrackphoneapplication.TravelHistoryActivity"
84-->src\main\AndroidManifest.xml:45:13-50
85            android:exported="false" />
85-->src\main\AndroidManifest.xml:46:13-37
86        <activity
86-->src\main\AndroidManifest.xml:47:9-49:40
87            android:name="com.example.carbotrackphoneapplication.EmployerHomeActivity"
87-->src\main\AndroidManifest.xml:48:13-49
88            android:exported="false" />
88-->src\main\AndroidManifest.xml:49:13-37
89        <activity
89-->src\main\AndroidManifest.xml:50:9-52:40
90            android:name="com.example.carbotrackphoneapplication.EmployerProfileActivity"
90-->src\main\AndroidManifest.xml:51:13-52
91            android:exported="false" />
91-->src\main\AndroidManifest.xml:52:13-37
92        <activity
92-->src\main\AndroidManifest.xml:53:9-55:40
93            android:name="com.example.carbotrackphoneapplication.InitialTravelActivity"
93-->src\main\AndroidManifest.xml:54:13-50
94            android:exported="false" />
94-->src\main\AndroidManifest.xml:55:13-37
95        <activity
95-->src\main\AndroidManifest.xml:56:9-58:40
96            android:name="com.example.carbotrackphoneapplication.PlanYourRideActivity"
96-->src\main\AndroidManifest.xml:57:13-49
97            android:exported="false" />
97-->src\main\AndroidManifest.xml:58:13-37
98        <activity
98-->src\main\AndroidManifest.xml:59:9-61:40
99            android:name="com.example.carbotrackphoneapplication.ChooseRideActivity"
99-->src\main\AndroidManifest.xml:60:13-47
100            android:exported="false" />
100-->src\main\AndroidManifest.xml:61:13-37
101        <activity
101-->src\main\AndroidManifest.xml:62:9-64:40
102            android:name="com.example.carbotrackphoneapplication.TravelSummaryActivity"
102-->src\main\AndroidManifest.xml:63:13-50
103            android:exported="false" />
103-->src\main\AndroidManifest.xml:64:13-37
104        <activity
104-->src\main\AndroidManifest.xml:65:9-67:40
105            android:name="com.example.carbotrackphoneapplication.TravelProcessActivity"
105-->src\main\AndroidManifest.xml:66:13-50
106            android:exported="false" />
106-->src\main\AndroidManifest.xml:67:13-37
107        <activity
107-->src\main\AndroidManifest.xml:68:9-70:40
108            android:name="com.example.carbotrackphoneapplication.TravelCompletedActivity"
108-->src\main\AndroidManifest.xml:69:13-52
109            android:exported="false" />
109-->src\main\AndroidManifest.xml:70:13-37
110        <activity
110-->src\main\AndroidManifest.xml:71:9-79:20
111            android:name="com.example.carbotrackphoneapplication.OnboardingActivity"
111-->src\main\AndroidManifest.xml:72:13-47
112            android:exported="true" >
112-->src\main\AndroidManifest.xml:73:13-36
113            <intent-filter>
113-->src\main\AndroidManifest.xml:74:13-78:29
114                <action android:name="android.intent.action.MAIN" />
114-->src\main\AndroidManifest.xml:75:17-69
114-->src\main\AndroidManifest.xml:75:25-66
115
116                <category android:name="android.intent.category.LAUNCHER" />
116-->src\main\AndroidManifest.xml:77:17-77
116-->src\main\AndroidManifest.xml:77:27-74
117            </intent-filter>
118        </activity>
119        <activity
119-->[com.google.android.libraries.places:places:3.2.0] AndroidManifest.xml:15:9-21:20
120            android:name="com.google.android.libraries.places.widget.AutocompleteActivity"
120-->[com.google.android.libraries.places:places:3.2.0] AndroidManifest.xml:16:13-91
121            android:exported="false"
121-->[com.google.android.libraries.places:places:3.2.0] AndroidManifest.xml:17:13-37
122            android:label="@string/places_autocomplete_label"
122-->[com.google.android.libraries.places:places:3.2.0] AndroidManifest.xml:18:13-62
123            android:theme="@style/PlacesAutocompleteOverlay"
123-->[com.google.android.libraries.places:places:3.2.0] AndroidManifest.xml:19:13-61
124            android:windowSoftInputMode="adjustResize" >
124-->[com.google.android.libraries.places:places:3.2.0] AndroidManifest.xml:20:13-55
125        </activity> <!-- Needs to be explicitly declared on P+ -->
126        <uses-library
126-->[com.google.android.gms:play-services-maps:17.0.0] AndroidManifest.xml:33:9-35:40
127            android:name="org.apache.http.legacy"
127-->[com.google.android.gms:play-services-maps:17.0.0] AndroidManifest.xml:34:13-50
128            android:required="false" />
128-->[com.google.android.gms:play-services-maps:17.0.0] AndroidManifest.xml:35:13-37
129
130        <activity
130-->[com.google.android.gms:play-services-base:18.1.0] AndroidManifest.xml:20:9-22:45
131            android:name="com.google.android.gms.common.api.GoogleApiActivity"
131-->[com.google.android.gms:play-services-base:18.1.0] AndroidManifest.xml:20:19-85
132            android:exported="false"
132-->[com.google.android.gms:play-services-base:18.1.0] AndroidManifest.xml:22:19-43
133            android:theme="@android:style/Theme.Translucent.NoTitleBar" />
133-->[com.google.android.gms:play-services-base:18.1.0] AndroidManifest.xml:21:19-78
134
135        <meta-data
135-->[com.google.android.gms:play-services-basement:18.1.0] AndroidManifest.xml:21:9-23:69
136            android:name="com.google.android.gms.version"
136-->[com.google.android.gms:play-services-basement:18.1.0] AndroidManifest.xml:22:13-58
137            android:value="@integer/google_play_services_version" />
137-->[com.google.android.gms:play-services-basement:18.1.0] AndroidManifest.xml:23:13-66
138
139        <provider
139-->[androidx.emoji2:emoji2:1.3.0] AndroidManifest.xml:24:9-32:20
140            android:name="androidx.startup.InitializationProvider"
140-->[androidx.emoji2:emoji2:1.3.0] AndroidManifest.xml:25:13-67
141            android:authorities="com.example.carbotrackphoneapplication.androidx-startup"
141-->[androidx.emoji2:emoji2:1.3.0] AndroidManifest.xml:26:13-68
142            android:exported="false" >
142-->[androidx.emoji2:emoji2:1.3.0] AndroidManifest.xml:27:13-37
143            <meta-data
143-->[androidx.emoji2:emoji2:1.3.0] AndroidManifest.xml:29:13-31:52
144                android:name="androidx.emoji2.text.EmojiCompatInitializer"
144-->[androidx.emoji2:emoji2:1.3.0] AndroidManifest.xml:30:17-75
145                android:value="androidx.startup" />
145-->[androidx.emoji2:emoji2:1.3.0] AndroidManifest.xml:31:17-49
146            <meta-data
146-->[androidx.lifecycle:lifecycle-process:2.6.2] AndroidManifest.xml:29:13-31:52
147                android:name="androidx.lifecycle.ProcessLifecycleInitializer"
147-->[androidx.lifecycle:lifecycle-process:2.6.2] AndroidManifest.xml:30:17-78
148                android:value="androidx.startup" />
148-->[androidx.lifecycle:lifecycle-process:2.6.2] AndroidManifest.xml:31:17-49
149            <meta-data
149-->[androidx.profileinstaller:profileinstaller:1.4.0] AndroidManifest.xml:29:13-31:52
150                android:name="androidx.profileinstaller.ProfileInstallerInitializer"
150-->[androidx.profileinstaller:profileinstaller:1.4.0] AndroidManifest.xml:30:17-85
151                android:value="androidx.startup" />
151-->[androidx.profileinstaller:profileinstaller:1.4.0] AndroidManifest.xml:31:17-49
152        </provider>
153
154        <uses-library
154-->[androidx.window:window:1.0.0] AndroidManifest.xml:25:9-27:40
155            android:name="androidx.window.extensions"
155-->[androidx.window:window:1.0.0] AndroidManifest.xml:26:13-54
156            android:required="false" />
156-->[androidx.window:window:1.0.0] AndroidManifest.xml:27:13-37
157        <uses-library
157-->[androidx.window:window:1.0.0] AndroidManifest.xml:28:9-30:40
158            android:name="androidx.window.sidecar"
158-->[androidx.window:window:1.0.0] AndroidManifest.xml:29:13-51
159            android:required="false" />
159-->[androidx.window:window:1.0.0] AndroidManifest.xml:30:13-37
160
161        <receiver
161-->[androidx.profileinstaller:profileinstaller:1.4.0] AndroidManifest.xml:34:9-52:20
162            android:name="androidx.profileinstaller.ProfileInstallReceiver"
162-->[androidx.profileinstaller:profileinstaller:1.4.0] AndroidManifest.xml:35:13-76
163            android:directBootAware="false"
163-->[androidx.profileinstaller:profileinstaller:1.4.0] AndroidManifest.xml:36:13-44
164            android:enabled="true"
164-->[androidx.profileinstaller:profileinstaller:1.4.0] AndroidManifest.xml:37:13-35
165            android:exported="true"
165-->[androidx.profileinstaller:profileinstaller:1.4.0] AndroidManifest.xml:38:13-36
166            android:permission="android.permission.DUMP" >
166-->[androidx.profileinstaller:profileinstaller:1.4.0] AndroidManifest.xml:39:13-57
167            <intent-filter>
167-->[androidx.profileinstaller:profileinstaller:1.4.0] AndroidManifest.xml:40:13-42:29
168                <action android:name="androidx.profileinstaller.action.INSTALL_PROFILE" />
168-->[androidx.profileinstaller:profileinstaller:1.4.0] AndroidManifest.xml:41:17-91
168-->[androidx.profileinstaller:profileinstaller:1.4.0] AndroidManifest.xml:41:25-88
169            </intent-filter>
170            <intent-filter>
170-->[androidx.profileinstaller:profileinstaller:1.4.0] AndroidManifest.xml:43:13-45:29
171                <action android:name="androidx.profileinstaller.action.SKIP_FILE" />
171-->[androidx.profileinstaller:profileinstaller:1.4.0] AndroidManifest.xml:44:17-85
171-->[androidx.profileinstaller:profileinstaller:1.4.0] AndroidManifest.xml:44:25-82
172            </intent-filter>
173            <intent-filter>
173-->[androidx.profileinstaller:profileinstaller:1.4.0] AndroidManifest.xml:46:13-48:29
174                <action android:name="androidx.profileinstaller.action.SAVE_PROFILE" />
174-->[androidx.profileinstaller:profileinstaller:1.4.0] AndroidManifest.xml:47:17-88
174-->[androidx.profileinstaller:profileinstaller:1.4.0] AndroidManifest.xml:47:25-85
175            </intent-filter>
176            <intent-filter>
176-->[androidx.profileinstaller:profileinstaller:1.4.0] AndroidManifest.xml:49:13-51:29
177                <action android:name="androidx.profileinstaller.action.BENCHMARK_OPERATION" />
177-->[androidx.profileinstaller:profileinstaller:1.4.0] AndroidManifest.xml:50:17-95
177-->[androidx.profileinstaller:profileinstaller:1.4.0] AndroidManifest.xml:50:25-92
178            </intent-filter>
179        </receiver>
180
181        <service
181-->[com.google.android.datatransport:transport-backend-cct:2.3.0] AndroidManifest.xml:29:9-35:19
182            android:name="com.google.android.datatransport.runtime.backends.TransportBackendDiscovery"
182-->[com.google.android.datatransport:transport-backend-cct:2.3.0] AndroidManifest.xml:30:13-103
183            android:exported="false" >
183-->[com.google.android.datatransport:transport-backend-cct:2.3.0] AndroidManifest.xml:31:13-37
184            <meta-data
184-->[com.google.android.datatransport:transport-backend-cct:2.3.0] AndroidManifest.xml:32:13-34:39
185                android:name="backend:com.google.android.datatransport.cct.CctBackendFactory"
185-->[com.google.android.datatransport:transport-backend-cct:2.3.0] AndroidManifest.xml:33:17-94
186                android:value="cct" />
186-->[com.google.android.datatransport:transport-backend-cct:2.3.0] AndroidManifest.xml:34:17-36
187        </service>
188        <service
188-->[com.google.android.datatransport:transport-runtime:2.2.3] AndroidManifest.xml:26:9-30:19
189            android:name="com.google.android.datatransport.runtime.scheduling.jobscheduling.JobInfoSchedulerService"
189-->[com.google.android.datatransport:transport-runtime:2.2.3] AndroidManifest.xml:27:13-117
190            android:exported="false"
190-->[com.google.android.datatransport:transport-runtime:2.2.3] AndroidManifest.xml:28:13-37
191            android:permission="android.permission.BIND_JOB_SERVICE" >
191-->[com.google.android.datatransport:transport-runtime:2.2.3] AndroidManifest.xml:29:13-69
192        </service>
193
194        <receiver
194-->[com.google.android.datatransport:transport-runtime:2.2.3] AndroidManifest.xml:32:9-34:40
195            android:name="com.google.android.datatransport.runtime.scheduling.jobscheduling.AlarmManagerSchedulerBroadcastReceiver"
195-->[com.google.android.datatransport:transport-runtime:2.2.3] AndroidManifest.xml:33:13-132
196            android:exported="false" />
196-->[com.google.android.datatransport:transport-runtime:2.2.3] AndroidManifest.xml:34:13-37
197    </application>
198
199</manifest>